2026-06-20T00:10:18.213+05:30  INFO 137624 --- [banking-backend] [main] c.d.b.BankingBackendApplication          : Starting BankingBackendApplication using Java 21.0.11 with PID 137624 (C:\Users\sivap\Downloads\banking-backend\target\classes started by Sivaprakash in C:\Users\sivap\Downloads\banking-backend)
2026-06-20T00:10:18.218+05:30 DEBUG 137624 --- [banking-backend] [main] c.d.b.BankingBackendApplication          : Running with Spring Boot v3.5.15, Spring v6.2.19
2026-06-20T00:10:18.219+05:30  INFO 137624 --- [banking-backend] [main] c.d.b.BankingBackendApplication          : No active profile set, falling back to 1 default profile: "default"
2026-06-20T00:10:19.100+05:30  INFO 137624 --- [banking-backend] [main] .s.d.r.c.RepositoryConfigurationDelegate : Bootstrapping Spring Data JPA repositories in DEFAULT mode.
2026-06-20T00:10:19.193+05:30  INFO 137624 --- [banking-backend] [main] .s.d.r.c.RepositoryConfigurationDelegate : Finished Spring Data repository scanning in 82 ms. Found 21 JPA repository interfaces.
2026-06-20T00:10:19.830+05:30  INFO 137624 --- [banking-backend] [main] o.s.b.w.embedded.tomcat.TomcatWebServer  : Tomcat initialized with port 8080 (http)
2026-06-20T00:10:19.844+05:30  INFO 137624 --- [banking-backend] [main] o.apache.catalina.core.StandardService   : Starting service [Tomcat]
2026-06-20T00:10:19.844+05:30  INFO 137624 --- [banking-backend] [main] o.apache.catalina.core.StandardEngine    : Starting Servlet engine: [Apache Tomcat/10.1.55]
2026-06-20T00:10:19.887+05:30  INFO 137624 --- [banking-backend] [main] o.a.c.c.C.[.[localhost].[/api/v1]        : Initializing Spring embedded WebApplicationContext
2026-06-20T00:10:19.887+05:30  INFO 137624 --- [banking-backend] [main] w.s.c.ServletWebServerApplicationContext : Root WebApplicationContext: initialization completed in 1628 ms
2026-06-20T00:10:20.001+05:30  INFO 137624 --- [banking-backend] [main] o.hibernate.jpa.internal.util.LogHelper  : HHH000204: Processing PersistenceUnitInfo [name: default]
2026-06-20T00:10:20.078+05:30  INFO 137624 --- [banking-backend] [main] org.hibernate.Version                    : HHH000412: Hibernate ORM core version 6.6.53.Final
2026-06-20T00:10:20.118+05:30  INFO 137624 --- [banking-backend] [main] o.h.c.internal.RegionFactoryInitiator    : HHH000026: Second-level cache disabled
2026-06-20T00:10:20.357+05:30  INFO 137624 --- [banking-backend] [main] o.s.o.j.p.SpringPersistenceUnitInfo      : No LoadTimeWeaver setup: ignoring JPA class transformer
2026-06-20T00:10:20.384+05:30  INFO 137624 --- [banking-backend] [main] com.zaxxer.hikari.HikariDataSource       : HikariPool-1 - Starting...
2026-06-20T00:10:20.536+05:30  INFO 137624 --- [banking-backend] [main] com.zaxxer.hikari.pool.HikariPool        : HikariPool-1 - Added connection org.postgresql.jdbc.PgConnection@1ac3a6f
2026-06-20T00:10:20.537+05:30  INFO 137624 --- [banking-backend] [main] com.zaxxer.hikari.HikariDataSource       : HikariPool-1 - Start completed.
2026-06-20T00:10:20.576+05:30  WARN 137624 --- [banking-backend] [main] org.hibernate.orm.deprecation            : HHH90000025: PostgreSQLDialect does not need to be specified explicitly using 'hibernate.dialect' (remove the property setting and it will be selected by default)
2026-06-20T00:10:20.595+05:30  INFO 137624 --- [banking-backend] [main] org.hibernate.orm.connections.pooling    : HHH10001005: Database info:
	Database JDBC URL [Connecting through datasource 'HikariDataSource (HikariPool-1)']
	Database driver: undefined/unknown
	Database version: 18.1
	Autocommit mode: undefined/unknown
	Isolation level: undefined/unknown
	Minimum pool size: undefined/unknown
	Maximum pool size: undefined/unknown
2026-06-20T00:10:21.618+05:30  INFO 137624 --- [banking-backend] [main] o.h.e.t.j.p.i.JtaPlatformInitiator       : HHH000489: No JTA platform available (set 'hibernate.transaction.jta.platform' to enable JTA platform integration)
2026-06-20T00:10:21.834+05:30  INFO 137624 --- [banking-backend] [main] j.LocalContainerEntityManagerFactoryBean : Initialized JPA EntityManagerFactory for persistence unit 'default'
2026-06-20T00:10:22.093+05:30  INFO 137624 --- [banking-backend] [main] o.s.d.j.r.query.QueryEnhancerFactory     : Hibernate is in classpath; If applicable, HQL parser will be used.
2026-06-20T00:10:22.493+05:30 DEBUG 137624 --- [banking-backend] [main] c.d.b.c.s.JwtAuthenticationFilter        : Filter 'jwtAuthenticationFilter' configured for use
2026-06-20T00:10:22.848+05:30  INFO 137624 --- [banking-backend] [main] eAuthenticationProviderManagerConfigurer : Global AuthenticationManager configured with AuthenticationProvider bean with name authenticationProvider
2026-06-20T00:10:22.849+05:30  WARN 137624 --- [banking-backend] [main] r$InitializeUserDetailsManagerConfigurer : Global AuthenticationManager configured with an AuthenticationProvider bean. UserDetailsService beans will not be used by Spring Security for automatically configuring username/password login. Consider removing the AuthenticationProvider bean. Alternatively, consider using the UserDetailsService in a manually instantiated DaoAuthenticationProvider. If the current configuration is intentional, to turn off this warning, increase the logging level of 'org.springframework.security.config.annotation.authentication.configuration.InitializeUserDetailsBeanManagerConfigurer' to ERROR
2026-06-20T00:10:23.042+05:30 DEBUG 137624 --- [banking-backend] [main] org.hibernate.SQL                        : 
    select
        u1_0.id 
    from
        users u1_0 
    where
        u1_0.email=? 
    fetch
        first ? rows only
2026-06-20T00:10:23.451+05:30 DEBUG 137624 --- [banking-backend] [main] o.s.s.web.DefaultSecurityFilterChain     : Will secure any request with filters: DisableEncodeUrlFilter, WebAsyncManagerIntegrationFilter, SecurityContextHolderFilter, HeaderWriterFilter, CorsFilter, LogoutFilter, JwtAuthenticationFilter, RequestCacheAwareFilter, SecurityContextHolderAwareRequestFilter, AnonymousAuthenticationFilter, SessionManagementFilter, ExceptionTranslationFilter, AuthorizationFilter
2026-06-20T00:10:23.780+05:30  INFO 137624 --- [banking-backend] [main] o.s.b.w.embedded.tomcat.TomcatWebServer  : Tomcat started on port 8080 (http) with context path '/api/v1'
2026-06-20T00:10:23.786+05:30  INFO 137624 --- [banking-backend] [main] c.d.b.BankingBackendApplication          : Started BankingBackendApplication in 6.002 seconds (process running for 6.436)
2026-06-20T00:10:23.788+05:30  WARN 137624 --- [banking-backend] [main] o.s.core.events.SpringDocAppInitializer  : SpringDoc /api-docs endpoint is enabled by default. To disable it in production, set the property 'springdoc.api-docs.enabled=false'
2026-06-20T00:10:54.953+05:30  INFO 137624 --- [banking-backend] [http-nio-8080-exec-1] o.a.c.c.C.[.[localhost].[/api/v1]        : Initializing Spring DispatcherServlet 'dispatcherServlet'
2026-06-20T00:10:54.953+05:30  INFO 137624 --- [banking-backend] [http-nio-8080-exec-1] o.s.web.servlet.DispatcherServlet        : Initializing Servlet 'dispatcherServlet'
2026-06-20T00:10:54.955+05:30  INFO 137624 --- [banking-backend] [http-nio-8080-exec-1] o.s.web.servlet.DispatcherServlet        : Completed initialization in 2 ms
2026-06-20T00:10:54.975+05:30 DEBUG 137624 --- [banking-backend] [http-nio-8080-exec-1] o.s.security.web.FilterChainProxy        : Securing GET /customer/profile
2026-06-20T00:10:55.046+05:30 ERROR 137624 --- [banking-backend] [http-nio-8080-exec-1] c.d.b.c.s.JwtAuthenticationFilter        : Cannot set user authentication: JWT expired at 2026-06-19T18:20:46Z. Current time: 2026-06-19T18:40:55Z, a difference of 1209045 milliseconds.  Allowed clock skew: 0 milliseconds.
2026-06-20T00:10:55.049+05:30 DEBUG 137624 --- [banking-backend] [http-nio-8080-exec-1] o.s.s.w.a.AnonymousAuthenticationFilter  : Set SecurityContextHolder to anonymous SecurityContext
2026-06-20T00:10:55.053+05:30 DEBUG 137624 --- [banking-backend] [http-nio-8080-exec-1] o.s.s.w.a.Http403ForbiddenEntryPoint     : Pre-authenticated entry point called. Rejecting access
2026-06-20T00:10:55.061+05:30 DEBUG 137624 --- [banking-backend] [http-nio-8080-exec-1] o.s.security.web.FilterChainProxy        : Securing GET /error
2026-06-20T00:10:55.062+05:30 DEBUG 137624 --- [banking-backend] [http-nio-8080-exec-1] o.s.s.w.a.AnonymousAuthenticationFilter  : Set SecurityContextHolder to anonymous SecurityContext
2026-06-20T00:10:55.062+05:30 DEBUG 137624 --- [banking-backend] [http-nio-8080-exec-1] o.s.s.w.a.Http403ForbiddenEntryPoint     : Pre-authenticated entry point called. Rejecting access
2026-06-20T00:11:04.445+05:30 DEBUG 137624 --- [banking-backend] [http-nio-8080-exec-3] o.s.security.web.FilterChainProxy        : Securing POST /auth/login
2026-06-20T00:11:04.448+05:30 ERROR 137624 --- [banking-backend] [http-nio-8080-exec-3] c.d.b.c.s.JwtAuthenticationFilter        : Cannot set user authentication: JWT strings must contain exactly 2 period characters. Found: 0
2026-06-20T00:11:04.448+05:30 DEBUG 137624 --- [banking-backend] [http-nio-8080-exec-3] o.s.s.w.a.AnonymousAuthenticationFilter  : Set SecurityContextHolder to anonymous SecurityContext
2026-06-20T00:11:04.449+05:30 DEBUG 137624 --- [banking-backend] [http-nio-8080-exec-3] o.s.security.web.FilterChainProxy        : Secured POST /auth/login
2026-06-20T00:11:04.589+05:30 DEBUG 137624 --- [banking-backend] [http-nio-8080-exec-3] org.hibernate.SQL                        : 
    select
        u1_0.id,
        u1_0.is_active,
        u1_0.biometric_enabled,
        u1_0.created_at,
        u1_0.email,
        u1_0.email_verified,
        u1_0.failed_login_attempts,
        u1_0.last_login_at,
        u1_0.is_locked,
        u1_0.locked_until,
        u1_0.password,
        u1_0.password_changed_at,
        u1_0.phone,
        u1_0.role,
        u1_0.totp_enabled,
        u1_0.updated_at 
    from
        users u1_0 
    where
        (
            u1_0.email=? 
            or u1_0.phone=?
        )
2026-06-20T00:11:04.626+05:30 DEBUG 137624 --- [banking-backend] [http-nio-8080-exec-3] org.hibernate.SQL                        : 
    select
        c1_0.id,
        c1_0.aadhaar,
        c1_0.address,
        c1_0.city,
        c1_0.country,
        c1_0.created_at,
        c1_0.date_of_birth,
        c1_0.first_name,
        c1_0.last_name,
        c1_0.middle_name,
        c1_0.pan,
        c1_0.postal_code,
        c1_0.profile_photo_url,
        c1_0.state,
        c1_0.status,
        c1_0.suspended_at,
        c1_0.suspension_reason,
        c1_0.updated_at,
        c1_0.user_id 
    from
        customers c1_0 
    where
        c1_0.user_id=?
2026-06-20T00:11:05.031+05:30 DEBUG 137624 --- [banking-backend] [http-nio-8080-exec-3] org.hibernate.SQL                        : 
    select
        u1_0.id,
        u1_0.is_active,
        u1_0.biometric_enabled,
        u1_0.created_at,
        u1_0.email,
        u1_0.email_verified,
        u1_0.failed_login_attempts,
        u1_0.last_login_at,
        u1_0.is_locked,
        u1_0.locked_until,
        u1_0.password,
        u1_0.password_changed_at,
        u1_0.phone,
        u1_0.role,
        u1_0.totp_enabled,
        u1_0.updated_at 
    from
        users u1_0 
    where
        u1_0.email=?
2026-06-20T00:11:05.037+05:30 DEBUG 137624 --- [banking-backend] [http-nio-8080-exec-3] org.hibernate.SQL                        : 
    select
        c1_0.id,
        c1_0.aadhaar,
        c1_0.address,
        c1_0.city,
        c1_0.country,
        c1_0.created_at,
        c1_0.date_of_birth,
        c1_0.first_name,
        c1_0.last_name,
        c1_0.middle_name,
        c1_0.pan,
        c1_0.postal_code,
        c1_0.profile_photo_url,
        c1_0.state,
        c1_0.status,
        c1_0.suspended_at,
        c1_0.suspension_reason,
        c1_0.updated_at,
        c1_0.user_id 
    from
        customers c1_0 
    where
        c1_0.user_id=?
2026-06-20T00:11:05.425+05:30 DEBUG 137624 --- [banking-backend] [http-nio-8080-exec-3] o.s.s.a.dao.DaoAuthenticationProvider    : Authenticated user
2026-06-20T00:11:05.476+05:30 DEBUG 137624 --- [banking-backend] [http-nio-8080-exec-3] org.hibernate.SQL                        : 
    insert 
    into
        login_history
        (created_at, device_type, failure_reason, ip_address, location, successful, user_id, user_agent) 
    values
        (?, ?, ?, ?, ?, ?, ?, ?)
2026-06-20T00:11:05.499+05:30  INFO 137624 --- [banking-backend] [http-nio-8080-exec-3] c.d.b.auth.service.LoginHistoryService   : Login attempt recorded for user: sivaprakash7223@gmail.com - Success: true
2026-06-20T00:11:05.507+05:30 DEBUG 137624 --- [banking-backend] [http-nio-8080-exec-3] org.hibernate.SQL                        : 
    select
        d1_0.id 
    from
        devices d1_0 
    where
        d1_0.device_id=? 
    fetch
        first ? rows only
2026-06-20T00:11:05.511+05:30 DEBUG 137624 --- [banking-backend] [http-nio-8080-exec-3] org.hibernate.SQL                        : 
    select
        d1_0.id,
        d1_0.is_active,
        d1_0.created_at,
        d1_0.device_fingerprint,
        d1_0.device_id,
        d1_0.device_name,
        d1_0.ip_address,
        d1_0.last_used_at,
        d1_0.is_trusted,
        d1_0.updated_at,
        d1_0.user_id,
        d1_0.user_agent 
    from
        devices d1_0 
    where
        d1_0.device_id=?
2026-06-20T00:11:05.548+05:30 DEBUG 137624 --- [banking-backend] [http-nio-8080-exec-3] org.hibernate.SQL                        : 
    update
        users 
    set
        is_active=?,
        biometric_enabled=?,
        email=?,
        email_verified=?,
        failed_login_attempts=?,
        last_login_at=?,
        is_locked=?,
        locked_until=?,
        password=?,
        password_changed_at=?,
        phone=?,
        role=?,
        totp_enabled=?,
        updated_at=? 
    where
        id=?
2026-06-20T00:11:05.554+05:30 DEBUG 137624 --- [banking-backend] [http-nio-8080-exec-3] org.hibernate.SQL                        : 
    update
        devices 
    set
        is_active=?,
        device_fingerprint=?,
        device_id=?,
        device_name=?,
        ip_address=?,
        last_used_at=?,
        is_trusted=?,
        updated_at=?,
        user_id=?,
        user_agent=? 
    where
        id=?
2026-06-20T00:11:05.556+05:30 DEBUG 137624 --- [banking-backend] [http-nio-8080-exec-3] org.hibernate.SQL                        : 
    select
        d1_0.id,
        d1_0.is_active,
        d1_0.created_at,
        d1_0.device_fingerprint,
        d1_0.device_id,
        d1_0.device_name,
        d1_0.ip_address,
        d1_0.last_used_at,
        d1_0.is_trusted,
        d1_0.updated_at,
        d1_0.user_id,
        d1_0.user_agent 
    from
        devices d1_0 
    where
        d1_0.device_id=?
2026-06-20T00:11:05.562+05:30 DEBUG 137624 --- [banking-backend] [http-nio-8080-exec-3] org.hibernate.SQL                        : 
    insert 
    into
        sessions
        (is_active, created_at, device_id, expires_at, ip_address, last_activity_at, refresh_token, user_id, user_agent) 
    values
        (?, ?, ?, ?, ?, ?, ?, ?, ?)
2026-06-20T00:11:05.566+05:30  INFO 137624 --- [banking-backend] [http-nio-8080-exec-3] c.d.b.auth.service.SessionService        : Session created for user: sivaprakash7223@gmail.com - Session ID: 31
2026-06-20T00:11:05.566+05:30  INFO 137624 --- [banking-backend] [http-nio-8080-exec-3] c.d.b.auth.service.AuthService           : User logged in successfully: sivaprakash7223@gmail.com
2026-06-20T00:11:05.574+05:30 DEBUG 137624 --- [banking-backend] [http-nio-8080-exec-3] c.d.b.common.aspect.AuditAspect          : No authenticated user found for audit logging
2026-06-20T00:11:15.200+05:30 DEBUG 137624 --- [banking-backend] [http-nio-8080-exec-4] o.s.security.web.FilterChainProxy        : Securing GET /customer/profile
2026-06-20T00:11:15.206+05:30 DEBUG 137624 --- [banking-backend] [http-nio-8080-exec-4] org.hibernate.SQL                        : 
    select
        u1_0.id,
        u1_0.is_active,
        u1_0.biometric_enabled,
        u1_0.created_at,
        u1_0.email,
        u1_0.email_verified,
        u1_0.failed_login_attempts,
        u1_0.last_login_at,
        u1_0.is_locked,
        u1_0.locked_until,
        u1_0.password,
        u1_0.password_changed_at,
        u1_0.phone,
        u1_0.role,
        u1_0.totp_enabled,
        u1_0.updated_at 
    from
        users u1_0 
    where
        u1_0.email=?
2026-06-20T00:11:15.210+05:30 DEBUG 137624 --- [banking-backend] [http-nio-8080-exec-4] org.hibernate.SQL                        : 
    select
        c1_0.id,
        c1_0.aadhaar,
        c1_0.address,
        c1_0.city,
        c1_0.country,
        c1_0.created_at,
        c1_0.date_of_birth,
        c1_0.first_name,
        c1_0.last_name,
        c1_0.middle_name,
        c1_0.pan,
        c1_0.postal_code,
        c1_0.profile_photo_url,
        c1_0.state,
        c1_0.status,
        c1_0.suspended_at,
        c1_0.suspension_reason,
        c1_0.updated_at,
        c1_0.user_id 
    from
        customers c1_0 
    where
        c1_0.user_id=?
2026-06-20T00:11:15.216+05:30 DEBUG 137624 --- [banking-backend] [http-nio-8080-exec-4] org.hibernate.SQL                        : 
    select
        u1_0.id,
        u1_0.is_active,
        u1_0.biometric_enabled,
        u1_0.created_at,
        u1_0.email,
        u1_0.email_verified,
        u1_0.failed_login_attempts,
        u1_0.last_login_at,
        u1_0.is_locked,
        u1_0.locked_until,
        u1_0.password,
        u1_0.password_changed_at,
        u1_0.phone,
        u1_0.role,
        u1_0.totp_enabled,
        u1_0.updated_at 
    from
        users u1_0 
    where
        u1_0.id=?
2026-06-20T00:11:15.221+05:30 DEBUG 137624 --- [banking-backend] [http-nio-8080-exec-4] c.d.b.c.s.JwtAuthenticationFilter        : User authenticated: sivaprakash7223@gmail.com
2026-06-20T00:11:15.222+05:30 DEBUG 137624 --- [banking-backend] [http-nio-8080-exec-4] o.s.security.web.FilterChainProxy        : Secured GET /customer/profile
2026-06-20T00:11:15.225+05:30 DEBUG 137624 --- [banking-backend] [http-nio-8080-exec-4] org.hibernate.SQL                        : 
    select
        u1_0.id,
        u1_0.is_active,
        u1_0.biometric_enabled,
        u1_0.created_at,
        u1_0.email,
        u1_0.email_verified,
        u1_0.failed_login_attempts,
        u1_0.last_login_at,
        u1_0.is_locked,
        u1_0.locked_until,
        u1_0.password,
        u1_0.password_changed_at,
        u1_0.phone,
        u1_0.role,
        u1_0.totp_enabled,
        u1_0.updated_at 
    from
        users u1_0 
    where
        u1_0.email=?
2026-06-20T00:11:15.230+05:30 DEBUG 137624 --- [banking-backend] [http-nio-8080-exec-4] org.hibernate.SQL                        : 
    select
        c1_0.id,
        c1_0.aadhaar,
        c1_0.address,
        c1_0.city,
        c1_0.country,
        c1_0.created_at,
        c1_0.date_of_birth,
        c1_0.first_name,
        c1_0.last_name,
        c1_0.middle_name,
        c1_0.pan,
        c1_0.postal_code,
        c1_0.profile_photo_url,
        c1_0.state,
        c1_0.status,
        c1_0.suspended_at,
        c1_0.suspension_reason,
        c1_0.updated_at,
        c1_0.user_id 
    from
        customers c1_0 
    left join
        users u1_0 
            on u1_0.id=c1_0.user_id 
    where
        u1_0.id=?
2026-06-20T00:11:15.235+05:30 DEBUG 137624 --- [banking-backend] [http-nio-8080-exec-4] org.hibernate.SQL                        : 
    select
        u1_0.id,
        u1_0.is_active,
        u1_0.biometric_enabled,
        u1_0.created_at,
        u1_0.email,
        u1_0.email_verified,
        u1_0.failed_login_attempts,
        u1_0.last_login_at,
        u1_0.is_locked,
        u1_0.locked_until,
        u1_0.password,
        u1_0.password_changed_at,
        u1_0.phone,
        u1_0.role,
        u1_0.totp_enabled,
        u1_0.updated_at 
    from
        users u1_0 
    where
        u1_0.id=?
2026-06-20T00:11:51.028+05:30 DEBUG 137624 --- [banking-backend] [http-nio-8080-exec-5] o.s.security.web.FilterChainProxy        : Securing POST /totp/verify
2026-06-20T00:11:51.031+05:30 ERROR 137624 --- [banking-backend] [http-nio-8080-exec-5] c.d.b.c.s.JwtAuthenticationFilter        : Cannot set user authentication: JWT expired at 2026-06-19T14:52:49Z. Current time: 2026-06-19T18:41:51Z, a difference of 13742030 milliseconds.  Allowed clock skew: 0 milliseconds.
2026-06-20T00:11:51.031+05:30 DEBUG 137624 --- [banking-backend] [http-nio-8080-exec-5] o.s.s.w.a.AnonymousAuthenticationFilter  : Set SecurityContextHolder to anonymous SecurityContext
2026-06-20T00:11:51.032+05:30 DEBUG 137624 --- [banking-backend] [http-nio-8080-exec-5] o.s.s.w.a.Http403ForbiddenEntryPoint     : Pre-authenticated entry point called. Rejecting access
2026-06-20T00:11:51.034+05:30 DEBUG 137624 --- [banking-backend] [http-nio-8080-exec-5] o.s.security.web.FilterChainProxy        : Securing POST /error
2026-06-20T00:11:51.035+05:30 DEBUG 137624 --- [banking-backend] [http-nio-8080-exec-5] o.s.s.w.a.AnonymousAuthenticationFilter  : Set SecurityContextHolder to anonymous SecurityContext
2026-06-20T00:11:51.035+05:30 DEBUG 137624 --- [banking-backend] [http-nio-8080-exec-5] o.s.s.w.a.Http403ForbiddenEntryPoint     : Pre-authenticated entry point called. Rejecting access
2026-06-20T00:11:58.317+05:30 DEBUG 137624 --- [banking-backend] [http-nio-8080-exec-2] o.s.security.web.FilterChainProxy        : Securing POST /totp/verify
2026-06-20T00:11:58.321+05:30 DEBUG 137624 --- [banking-backend] [http-nio-8080-exec-2] org.hibernate.SQL                        : 
    select
        u1_0.id,
        u1_0.is_active,
        u1_0.biometric_enabled,
        u1_0.created_at,
        u1_0.email,
        u1_0.email_verified,
        u1_0.failed_login_attempts,
        u1_0.last_login_at,
        u1_0.is_locked,
        u1_0.locked_until,
        u1_0.password,
        u1_0.password_changed_at,
        u1_0.phone,
        u1_0.role,
        u1_0.totp_enabled,
        u1_0.updated_at 
    from
        users u1_0 
    where
        u1_0.email=?
2026-06-20T00:11:58.324+05:30 DEBUG 137624 --- [banking-backend] [http-nio-8080-exec-2] org.hibernate.SQL                        : 
    select
        c1_0.id,
        c1_0.aadhaar,
        c1_0.address,
        c1_0.city,
        c1_0.country,
        c1_0.created_at,
        c1_0.date_of_birth,
        c1_0.first_name,
        c1_0.last_name,
        c1_0.middle_name,
        c1_0.pan,
        c1_0.postal_code,
        c1_0.profile_photo_url,
        c1_0.state,
        c1_0.status,
        c1_0.suspended_at,
        c1_0.suspension_reason,
        c1_0.updated_at,
        c1_0.user_id 
    from
        customers c1_0 
    where
        c1_0.user_id=?
2026-06-20T00:11:58.325+05:30 DEBUG 137624 --- [banking-backend] [http-nio-8080-exec-2] org.hibernate.SQL                        : 
    select
        u1_0.id,
        u1_0.is_active,
        u1_0.biometric_enabled,
        u1_0.created_at,
        u1_0.email,
        u1_0.email_verified,
        u1_0.failed_login_attempts,
        u1_0.last_login_at,
        u1_0.is_locked,
        u1_0.locked_until,
        u1_0.password,
        u1_0.password_changed_at,
        u1_0.phone,
        u1_0.role,
        u1_0.totp_enabled,
        u1_0.updated_at 
    from
        users u1_0 
    where
        u1_0.id=?
2026-06-20T00:11:58.331+05:30 DEBUG 137624 --- [banking-backend] [http-nio-8080-exec-2] c.d.b.c.s.JwtAuthenticationFilter        : User authenticated: sivaprakash7223@gmail.com
2026-06-20T00:11:58.332+05:30 DEBUG 137624 --- [banking-backend] [http-nio-8080-exec-2] o.s.security.web.FilterChainProxy        : Secured POST /totp/verify
2026-06-20T00:11:58.338+05:30 DEBUG 137624 --- [banking-backend] [http-nio-8080-exec-2] org.hibernate.SQL                        : 
    select
        u1_0.id,
        u1_0.is_active,
        u1_0.biometric_enabled,
        u1_0.created_at,
        u1_0.email,
        u1_0.email_verified,
        u1_0.failed_login_attempts,
        u1_0.last_login_at,
        u1_0.is_locked,
        u1_0.locked_until,
        u1_0.password,
        u1_0.password_changed_at,
        u1_0.phone,
        u1_0.role,
        u1_0.totp_enabled,
        u1_0.updated_at 
    from
        users u1_0 
    where
        u1_0.email=?
2026-06-20T00:11:58.346+05:30 DEBUG 137624 --- [banking-backend] [http-nio-8080-exec-2] org.hibernate.SQL                        : 
    select
        u1_0.id,
        u1_0.is_active,
        u1_0.biometric_enabled,
        u1_0.created_at,
        u1_0.email,
        u1_0.email_verified,
        u1_0.failed_login_attempts,
        u1_0.last_login_at,
        u1_0.is_locked,
        u1_0.locked_until,
        u1_0.password,
        u1_0.password_changed_at,
        u1_0.phone,
        u1_0.role,
        u1_0.totp_enabled,
        u1_0.updated_at 
    from
        users u1_0 
    where
        u1_0.id=?
2026-06-20T00:11:58.350+05:30 DEBUG 137624 --- [banking-backend] [http-nio-8080-exec-2] org.hibernate.SQL                        : 
    select
        ts1_0.id,
        ts1_0.created_at,
        ts1_0.is_enabled,
        ts1_0.enabled_at,
        ts1_0.last_used_at,
        ts1_0.secret,
        ts1_0.user_id 
    from
        totp_secrets ts1_0 
    where
        ts1_0.user_id=?
2026-06-20T00:11:58.355+05:30 DEBUG 137624 --- [banking-backend] [http-nio-8080-exec-2] org.hibernate.SQL                        : 
    select
        u1_0.id,
        u1_0.is_active,
        u1_0.biometric_enabled,
        u1_0.created_at,
        u1_0.email,
        u1_0.email_verified,
        u1_0.failed_login_attempts,
        u1_0.last_login_at,
        u1_0.is_locked,
        u1_0.locked_until,
        u1_0.password,
        u1_0.password_changed_at,
        u1_0.phone,
        u1_0.role,
        u1_0.totp_enabled,
        u1_0.updated_at 
    from
        users u1_0 
    where
        u1_0.id=?
2026-06-20T00:11:58.367+05:30 DEBUG 137624 --- [banking-backend] [http-nio-8080-exec-2] org.hibernate.SQL                        : 
    select
        ts1_0.id,
        ts1_0.created_at,
        ts1_0.is_enabled,
        ts1_0.enabled_at,
        ts1_0.last_used_at,
        ts1_0.secret,
        ts1_0.user_id,
        u1_0.id,
        u1_0.is_active,
        u1_0.biometric_enabled,
        u1_0.created_at,
        u1_0.email,
        u1_0.email_verified,
        u1_0.failed_login_attempts,
        u1_0.last_login_at,
        u1_0.is_locked,
        u1_0.locked_until,
        u1_0.password,
        u1_0.password_changed_at,
        u1_0.phone,
        u1_0.role,
        u1_0.totp_enabled,
        u1_0.updated_at 
    from
        totp_secrets ts1_0 
    join
        users u1_0 
            on u1_0.id=ts1_0.user_id 
    where
        ts1_0.id=?
2026-06-20T00:11:58.373+05:30 DEBUG 137624 --- [banking-backend] [http-nio-8080-exec-2] org.hibernate.SQL                        : 
    update
        totp_secrets 
    set
        is_enabled=?,
        enabled_at=?,
        last_used_at=?,
        secret=?,
        user_id=? 
    where
        id=?
2026-06-20T00:12:41.321+05:30 DEBUG 137624 --- [banking-backend] [http-nio-8080-exec-8] o.s.security.web.FilterChainProxy        : Securing POST /totp/disable
2026-06-20T00:12:41.324+05:30 DEBUG 137624 --- [banking-backend] [http-nio-8080-exec-8] org.hibernate.SQL                        : 
    select
        u1_0.id,
        u1_0.is_active,
        u1_0.biometric_enabled,
        u1_0.created_at,
        u1_0.email,
        u1_0.email_verified,
        u1_0.failed_login_attempts,
        u1_0.last_login_at,
        u1_0.is_locked,
        u1_0.locked_until,
        u1_0.password,
        u1_0.password_changed_at,
        u1_0.phone,
        u1_0.role,
        u1_0.totp_enabled,
        u1_0.updated_at 
    from
        users u1_0 
    where
        u1_0.email=?
2026-06-20T00:12:41.328+05:30 DEBUG 137624 --- [banking-backend] [http-nio-8080-exec-8] org.hibernate.SQL                        : 
    select
        c1_0.id,
        c1_0.aadhaar,
        c1_0.address,
        c1_0.city,
        c1_0.country,
        c1_0.created_at,
        c1_0.date_of_birth,
        c1_0.first_name,
        c1_0.last_name,
        c1_0.middle_name,
        c1_0.pan,
        c1_0.postal_code,
        c1_0.profile_photo_url,
        c1_0.state,
        c1_0.status,
        c1_0.suspended_at,
        c1_0.suspension_reason,
        c1_0.updated_at,
        c1_0.user_id 
    from
        customers c1_0 
    where
        c1_0.user_id=?
2026-06-20T00:12:41.329+05:30 DEBUG 137624 --- [banking-backend] [http-nio-8080-exec-8] org.hibernate.SQL                        : 
    select
        u1_0.id,
        u1_0.is_active,
        u1_0.biometric_enabled,
        u1_0.created_at,
        u1_0.email,
        u1_0.email_verified,
        u1_0.failed_login_attempts,
        u1_0.last_login_at,
        u1_0.is_locked,
        u1_0.locked_until,
        u1_0.password,
        u1_0.password_changed_at,
        u1_0.phone,
        u1_0.role,
        u1_0.totp_enabled,
        u1_0.updated_at 
    from
        users u1_0 
    where
        u1_0.id=?
2026-06-20T00:12:41.335+05:30 DEBUG 137624 --- [banking-backend] [http-nio-8080-exec-8] c.d.b.c.s.JwtAuthenticationFilter        : User authenticated: sivaprakash7223@gmail.com
2026-06-20T00:12:41.335+05:30 DEBUG 137624 --- [banking-backend] [http-nio-8080-exec-8] o.s.security.web.FilterChainProxy        : Secured POST /totp/disable
2026-06-20T00:12:41.338+05:30 DEBUG 137624 --- [banking-backend] [http-nio-8080-exec-8] org.hibernate.SQL                        : 
    select
        u1_0.id,
        u1_0.is_active,
        u1_0.biometric_enabled,
        u1_0.created_at,
        u1_0.email,
        u1_0.email_verified,
        u1_0.failed_login_attempts,
        u1_0.last_login_at,
        u1_0.is_locked,
        u1_0.locked_until,
        u1_0.password,
        u1_0.password_changed_at,
        u1_0.phone,
        u1_0.role,
        u1_0.totp_enabled,
        u1_0.updated_at 
    from
        users u1_0 
    where
        u1_0.email=?
2026-06-20T00:12:41.341+05:30 DEBUG 137624 --- [banking-backend] [http-nio-8080-exec-8] org.hibernate.SQL                        : 
    select
        u1_0.id,
        u1_0.is_active,
        u1_0.biometric_enabled,
        u1_0.created_at,
        u1_0.email,
        u1_0.email_verified,
        u1_0.failed_login_attempts,
        u1_0.last_login_at,
        u1_0.is_locked,
        u1_0.locked_until,
        u1_0.password,
        u1_0.password_changed_at,
        u1_0.phone,
        u1_0.role,
        u1_0.totp_enabled,
        u1_0.updated_at 
    from
        users u1_0 
    where
        u1_0.id=?
2026-06-20T00:12:41.344+05:30 DEBUG 137624 --- [banking-backend] [http-nio-8080-exec-8] org.hibernate.SQL                        : 
    select
        ts1_0.id,
        ts1_0.created_at,
        ts1_0.is_enabled,
        ts1_0.enabled_at,
        ts1_0.last_used_at,
        ts1_0.secret,
        ts1_0.user_id 
    from
        totp_secrets ts1_0 
    where
        ts1_0.user_id=?
2026-06-20T00:12:41.345+05:30  INFO 137624 --- [banking-backend] [http-nio-8080-exec-8] c.d.b.auth.service.TotpService           : TOTP disabled for user: sivaprakash7223@gmail.com
2026-06-20T00:12:41.347+05:30 DEBUG 137624 --- [banking-backend] [http-nio-8080-exec-8] org.hibernate.SQL                        : 
    update
        users 
    set
        is_active=?,
        biometric_enabled=?,
        email=?,
        email_verified=?,
        failed_login_attempts=?,
        last_login_at=?,
        is_locked=?,
        locked_until=?,
        password=?,
        password_changed_at=?,
        phone=?,
        role=?,
        totp_enabled=?,
        updated_at=? 
    where
        id=?
2026-06-20T00:12:41.349+05:30 DEBUG 137624 --- [banking-backend] [http-nio-8080-exec-8] org.hibernate.SQL                        : 
    update
        totp_secrets 
    set
        is_enabled=?,
        enabled_at=?,
        last_used_at=?,
        secret=?,
        user_id=? 
    where
        id=?
2026-06-20T00:12:41.352+05:30 DEBUG 137624 --- [banking-backend] [http-nio-8080-exec-8] org.hibernate.SQL                        : 
    select
        u1_0.id,
        u1_0.is_active,
        u1_0.biometric_enabled,
        u1_0.created_at,
        u1_0.email,
        u1_0.email_verified,
        u1_0.failed_login_attempts,
        u1_0.last_login_at,
        u1_0.is_locked,
        u1_0.locked_until,
        u1_0.password,
        u1_0.password_changed_at,
        u1_0.phone,
        u1_0.role,
        u1_0.totp_enabled,
        u1_0.updated_at 
    from
        users u1_0 
    where
        u1_0.email=?
2026-06-20T00:12:41.359+05:30 DEBUG 137624 --- [banking-backend] [http-nio-8080-exec-8] org.hibernate.SQL                        : 
    insert 
    into
        audit_logs
        (action, created_at, description, entity_id, entity_type, ip_address, user_agent, user_id) 
    values
        (?, ?, ?, ?, ?, ?, ?, ?)
2026-06-20T00:12:41.362+05:30 DEBUG 137624 --- [banking-backend] [http-nio-8080-exec-8] c.d.b.admin.service.AuditService         : Audit log created: UPDATE - TOTP disabled
2026-06-20T00:12:41.363+05:30 DEBUG 137624 --- [banking-backend] [http-nio-8080-exec-8] c.d.b.common.aspect.AuditAspect          : Audit log created: sivaprakash7223@gmail.com - UPDATE - TOTP disabled
2026-06-20T00:13:07.184+05:30 DEBUG 137624 --- [banking-backend] [http-nio-8080-exec-7] o.s.security.web.FilterChainProxy        : Securing POST /totp/enable
2026-06-20T00:13:07.186+05:30 ERROR 137624 --- [banking-backend] [http-nio-8080-exec-7] c.d.b.c.s.JwtAuthenticationFilter        : Cannot set user authentication: JWT expired at 2026-06-19T14:52:49Z. Current time: 2026-06-19T18:43:07Z, a difference of 13818186 milliseconds.  Allowed clock skew: 0 milliseconds.
2026-06-20T00:13:07.186+05:30 DEBUG 137624 --- [banking-backend] [http-nio-8080-exec-7] o.s.s.w.a.AnonymousAuthenticationFilter  : Set SecurityContextHolder to anonymous SecurityContext
2026-06-20T00:13:07.187+05:30 DEBUG 137624 --- [banking-backend] [http-nio-8080-exec-7] o.s.s.w.a.Http403ForbiddenEntryPoint     : Pre-authenticated entry point called. Rejecting access
2026-06-20T00:13:07.189+05:30 DEBUG 137624 --- [banking-backend] [http-nio-8080-exec-7] o.s.security.web.FilterChainProxy        : Securing POST /error
2026-06-20T00:13:07.189+05:30 DEBUG 137624 --- [banking-backend] [http-nio-8080-exec-7] o.s.s.w.a.AnonymousAuthenticationFilter  : Set SecurityContextHolder to anonymous SecurityContext
2026-06-20T00:13:07.190+05:30 DEBUG 137624 --- [banking-backend] [http-nio-8080-exec-7] o.s.s.w.a.Http403ForbiddenEntryPoint     : Pre-authenticated entry point called. Rejecting access
2026-06-20T00:13:12.938+05:30 DEBUG 137624 --- [banking-backend] [http-nio-8080-exec-9] o.s.security.web.FilterChainProxy        : Securing POST /totp/enable
2026-06-20T00:13:12.944+05:30 DEBUG 137624 --- [banking-backend] [http-nio-8080-exec-9] org.hibernate.SQL                        : 
    select
        u1_0.id,
        u1_0.is_active,
        u1_0.biometric_enabled,
        u1_0.created_at,
        u1_0.email,
        u1_0.email_verified,
        u1_0.failed_login_attempts,
        u1_0.last_login_at,
        u1_0.is_locked,
        u1_0.locked_until,
        u1_0.password,
        u1_0.password_changed_at,
        u1_0.phone,
        u1_0.role,
        u1_0.totp_enabled,
        u1_0.updated_at 
    from
        users u1_0 
    where
        u1_0.email=?
2026-06-20T00:13:12.947+05:30 DEBUG 137624 --- [banking-backend] [http-nio-8080-exec-9] org.hibernate.SQL                        : 
    select
        c1_0.id,
        c1_0.aadhaar,
        c1_0.address,
        c1_0.city,
        c1_0.country,
        c1_0.created_at,
        c1_0.date_of_birth,
        c1_0.first_name,
        c1_0.last_name,
        c1_0.middle_name,
        c1_0.pan,
        c1_0.postal_code,
        c1_0.profile_photo_url,
        c1_0.state,
        c1_0.status,
        c1_0.suspended_at,
        c1_0.suspension_reason,
        c1_0.updated_at,
        c1_0.user_id 
    from
        customers c1_0 
    where
        c1_0.user_id=?
2026-06-20T00:13:12.949+05:30 DEBUG 137624 --- [banking-backend] [http-nio-8080-exec-9] org.hibernate.SQL                        : 
    select
        u1_0.id,
        u1_0.is_active,
        u1_0.biometric_enabled,
        u1_0.created_at,
        u1_0.email,
        u1_0.email_verified,
        u1_0.failed_login_attempts,
        u1_0.last_login_at,
        u1_0.is_locked,
        u1_0.locked_until,
        u1_0.password,
        u1_0.password_changed_at,
        u1_0.phone,
        u1_0.role,
        u1_0.totp_enabled,
        u1_0.updated_at 
    from
        users u1_0 
    where
        u1_0.id=?
2026-06-20T00:13:12.952+05:30 DEBUG 137624 --- [banking-backend] [http-nio-8080-exec-9] c.d.b.c.s.JwtAuthenticationFilter        : User authenticated: sivaprakash7223@gmail.com
2026-06-20T00:13:12.953+05:30 DEBUG 137624 --- [banking-backend] [http-nio-8080-exec-9] o.s.security.web.FilterChainProxy        : Secured POST /totp/enable
2026-06-20T00:13:12.957+05:30 DEBUG 137624 --- [banking-backend] [http-nio-8080-exec-9] org.hibernate.SQL                        : 
    select
        u1_0.id,
        u1_0.is_active,
        u1_0.biometric_enabled,
        u1_0.created_at,
        u1_0.email,
        u1_0.email_verified,
        u1_0.failed_login_attempts,
        u1_0.last_login_at,
        u1_0.is_locked,
        u1_0.locked_until,
        u1_0.password,
        u1_0.password_changed_at,
        u1_0.phone,
        u1_0.role,
        u1_0.totp_enabled,
        u1_0.updated_at 
    from
        users u1_0 
    where
        u1_0.email=?
2026-06-20T00:13:12.960+05:30 DEBUG 137624 --- [banking-backend] [http-nio-8080-exec-9] org.hibernate.SQL                        : 
    select
        u1_0.id,
        u1_0.is_active,
        u1_0.biometric_enabled,
        u1_0.created_at,
        u1_0.email,
        u1_0.email_verified,
        u1_0.failed_login_attempts,
        u1_0.last_login_at,
        u1_0.is_locked,
        u1_0.locked_until,
        u1_0.password,
        u1_0.password_changed_at,
        u1_0.phone,
        u1_0.role,
        u1_0.totp_enabled,
        u1_0.updated_at 
    from
        users u1_0 
    where
        u1_0.id=?
2026-06-20T00:13:12.962+05:30 DEBUG 137624 --- [banking-backend] [http-nio-8080-exec-9] org.hibernate.SQL                        : 
    select
        ts1_0.id,
        ts1_0.created_at,
        ts1_0.is_enabled,
        ts1_0.enabled_at,
        ts1_0.last_used_at,
        ts1_0.secret,
        ts1_0.user_id 
    from
        totp_secrets ts1_0 
    where
        ts1_0.user_id=?
2026-06-20T00:13:12.964+05:30  INFO 137624 --- [banking-backend] [http-nio-8080-exec-9] c.d.b.auth.service.TotpService           : TOTP enabled for user: sivaprakash7223@gmail.com
2026-06-20T00:13:12.965+05:30 DEBUG 137624 --- [banking-backend] [http-nio-8080-exec-9] org.hibernate.SQL                        : 
    update
        users 
    set
        is_active=?,
        biometric_enabled=?,
        email=?,
        email_verified=?,
        failed_login_attempts=?,
        last_login_at=?,
        is_locked=?,
        locked_until=?,
        password=?,
        password_changed_at=?,
        phone=?,
        role=?,
        totp_enabled=?,
        updated_at=? 
    where
        id=?
2026-06-20T00:13:12.967+05:30 DEBUG 137624 --- [banking-backend] [http-nio-8080-exec-9] org.hibernate.SQL                        : 
    update
        totp_secrets 
    set
        is_enabled=?,
        enabled_at=?,
        last_used_at=?,
        secret=?,
        user_id=? 
    where
        id=?
2026-06-20T00:13:12.971+05:30 DEBUG 137624 --- [banking-backend] [http-nio-8080-exec-9] org.hibernate.SQL                        : 
    select
        u1_0.id,
        u1_0.is_active,
        u1_0.biometric_enabled,
        u1_0.created_at,
        u1_0.email,
        u1_0.email_verified,
        u1_0.failed_login_attempts,
        u1_0.last_login_at,
        u1_0.is_locked,
        u1_0.locked_until,
        u1_0.password,
        u1_0.password_changed_at,
        u1_0.phone,
        u1_0.role,
        u1_0.totp_enabled,
        u1_0.updated_at 
    from
        users u1_0 
    where
        u1_0.email=?
2026-06-20T00:13:12.973+05:30 DEBUG 137624 --- [banking-backend] [http-nio-8080-exec-9] org.hibernate.SQL                        : 
    insert 
    into
        audit_logs
        (action, created_at, description, entity_id, entity_type, ip_address, user_agent, user_id) 
    values
        (?, ?, ?, ?, ?, ?, ?, ?)
2026-06-20T00:13:12.974+05:30 DEBUG 137624 --- [banking-backend] [http-nio-8080-exec-9] c.d.b.admin.service.AuditService         : Audit log created: UPDATE - TOTP enabled
2026-06-20T00:13:12.975+05:30 DEBUG 137624 --- [banking-backend] [http-nio-8080-exec-9] c.d.b.common.aspect.AuditAspect          : Audit log created: sivaprakash7223@gmail.com - UPDATE - TOTP enabled
2026-06-20T00:13:23.023+05:30 DEBUG 137624 --- [banking-backend] [http-nio-8080-exec-10] o.s.security.web.FilterChainProxy        : Securing POST /totp/setup
2026-06-20T00:13:23.027+05:30 DEBUG 137624 --- [banking-backend] [http-nio-8080-exec-10] org.hibernate.SQL                        : 
    select
        u1_0.id,
        u1_0.is_active,
        u1_0.biometric_enabled,
        u1_0.created_at,
        u1_0.email,
        u1_0.email_verified,
        u1_0.failed_login_attempts,
        u1_0.last_login_at,
        u1_0.is_locked,
        u1_0.locked_until,
        u1_0.password,
        u1_0.password_changed_at,
        u1_0.phone,
        u1_0.role,
        u1_0.totp_enabled,
        u1_0.updated_at 
    from
        users u1_0 
    where
        u1_0.email=?
2026-06-20T00:13:23.030+05:30 DEBUG 137624 --- [banking-backend] [http-nio-8080-exec-10] org.hibernate.SQL                        : 
    select
        c1_0.id,
        c1_0.aadhaar,
        c1_0.address,
        c1_0.city,
        c1_0.country,
        c1_0.created_at,
        c1_0.date_of_birth,
        c1_0.first_name,
        c1_0.last_name,
        c1_0.middle_name,
        c1_0.pan,
        c1_0.postal_code,
        c1_0.profile_photo_url,
        c1_0.state,
        c1_0.status,
        c1_0.suspended_at,
        c1_0.suspension_reason,
        c1_0.updated_at,
        c1_0.user_id 
    from
        customers c1_0 
    where
        c1_0.user_id=?
2026-06-20T00:13:23.032+05:30 DEBUG 137624 --- [banking-backend] [http-nio-8080-exec-10] org.hibernate.SQL                        : 
    select
        u1_0.id,
        u1_0.is_active,
        u1_0.biometric_enabled,
        u1_0.created_at,
        u1_0.email,
        u1_0.email_verified,
        u1_0.failed_login_attempts,
        u1_0.last_login_at,
        u1_0.is_locked,
        u1_0.locked_until,
        u1_0.password,
        u1_0.password_changed_at,
        u1_0.phone,
        u1_0.role,
        u1_0.totp_enabled,
        u1_0.updated_at 
    from
        users u1_0 
    where
        u1_0.id=?
2026-06-20T00:13:23.038+05:30 DEBUG 137624 --- [banking-backend] [http-nio-8080-exec-10] c.d.b.c.s.JwtAuthenticationFilter        : User authenticated: sivaprakash7223@gmail.com
2026-06-20T00:13:23.038+05:30 DEBUG 137624 --- [banking-backend] [http-nio-8080-exec-10] o.s.security.web.FilterChainProxy        : Secured POST /totp/setup
2026-06-20T00:13:23.041+05:30 DEBUG 137624 --- [banking-backend] [http-nio-8080-exec-10] org.hibernate.SQL                        : 
    select
        u1_0.id,
        u1_0.is_active,
        u1_0.biometric_enabled,
        u1_0.created_at,
        u1_0.email,
        u1_0.email_verified,
        u1_0.failed_login_attempts,
        u1_0.last_login_at,
        u1_0.is_locked,
        u1_0.locked_until,
        u1_0.password,
        u1_0.password_changed_at,
        u1_0.phone,
        u1_0.role,
        u1_0.totp_enabled,
        u1_0.updated_at 
    from
        users u1_0 
    where
        u1_0.email=?
2026-06-20T00:13:23.043+05:30 DEBUG 137624 --- [banking-backend] [http-nio-8080-exec-10] org.hibernate.SQL                        : 
    select
        u1_0.id,
        u1_0.is_active,
        u1_0.biometric_enabled,
        u1_0.created_at,
        u1_0.email,
        u1_0.email_verified,
        u1_0.failed_login_attempts,
        u1_0.last_login_at,
        u1_0.is_locked,
        u1_0.locked_until,
        u1_0.password,
        u1_0.password_changed_at,
        u1_0.phone,
        u1_0.role,
        u1_0.totp_enabled,
        u1_0.updated_at 
    from
        users u1_0 
    where
        u1_0.id=?
2026-06-20T00:13:23.050+05:30 ERROR 137624 --- [banking-backend] [http-nio-8080-exec-10] c.d.b.c.e.GlobalExceptionHandler         : Custom exception: TOTP is already enabled
2026-06-20T00:18:30.163+05:30  INFO 137624 --- [banking-backend] [SpringApplicationShutdownHook] o.s.b.w.e.tomcat.GracefulShutdown        : Commencing graceful shutdown. Waiting for active requests to complete
2026-06-20T00:18:30.163+05:30  INFO 137624 --- [banking-backend] [tomcat-shutdown] o.s.b.w.e.tomcat.GracefulShutdown        : Graceful shutdown complete
2026-06-20T00:18:30.169+05:30  INFO 137624 --- [banking-backend] [SpringApplicationShutdownHook] j.LocalContainerEntityManagerFactoryBean : Closing JPA EntityManagerFactory for persistence unit 'default'
2026-06-20T00:18:30.169+05:30  INFO 137624 --- [banking-backend] [SpringApplicationShutdownHook] com.zaxxer.hikari.HikariDataSource       : HikariPool-1 - Shutdown initiated...
2026-06-20T00:18:30.169+05:30  INFO 137624 --- [banking-backend] [SpringApplicationShutdownHook] com.zaxxer.hikari.HikariDataSource       : HikariPool-1 - Shutdown completed.
